<?xml version="1.0" encoding="UTF-8"?>
<!-- Generated by org.testng.reporters.JUnitReportReporter -->
<testsuite hostname="vimal" failures="0" tests="9" name="day45.ParamTest" time="2.811" errors="0" timestamp="2024-12-24T11:43:12 IST" skipped="0">
  <testcase classname="day45.ParamTest" name="tsetTitle" time="0.007"/>
  <system-out/>
  <testcase classname="day45.ParamTest" name="tsetTitle" time="0.006"/>
  <system-out/>
  <testcase classname="day45.ParamTest" name="testLogo" time="1.094"/>
  <system-out/>
  <testcase classname="day45.ParamTest" name="testLogo" time="1.121"/>
  <system-out/>
  <testcase classname="day45.ParamTest" name="testUrl" time="0.005"/>
  <system-out/>
  <testcase classname="day45.ParamTest" name="testUrl" time="0.009"/>
  <system-out/>
  <testcase classname="day45.ParamTest" name="testUrl" time="0.009"/>
  <system-out/>
  <testcase classname="day45.ParamTest" name="testLogo" time="0.553"/>
  <system-out/>
  <testcase classname="day45.ParamTest" name="tsetTitle" time="0.007"/>
  <system-out/>
</testsuite> <!-- day45.ParamTest -->
