<?xml version="1.0" encoding="UTF-8"?>
<!-- Generated by org.testng.reporters.JUnitReportReporter -->
<testsuite hostname="vimal" failures="0" tests="1" name="day43.AssertionDemo" time="0.015" errors="0" timestamp="2024-12-23T19:47:47 IST" skipped="0">
  <testcase classname="day43.AssertionDemo" name="testTitle" time="0.015"/>
  <system-out/>
</testsuite> <!-- day43.AssertionDemo -->
