<?xml version="1.0" encoding="UTF-8"?>
<!-- Generated by org.testng.reporters.JUnitReportReporter -->
<testsuite hostname="vimal" failures="0" tests="2" name="day43.pack.C2" time="0.002" errors="0" timestamp="2024-12-23T19:00:08 IST" skipped="0">
  <testcase classname="day43.pack.C2" name="test1" time="0.001"/>
  <system-out/>
  <testcase classname="day43.pack.C2" name="test1" time="0.001"/>
  <system-out/>
</testsuite> <!-- day43.pack.C2 -->
