<?xml version="1.0" encoding="UTF-8"?>
<!-- Generated by org.testng.reporters.JUnitReportReporter -->
<testsuite hostname="vimal" failures="0" tests="2" name="day44.PaymentTest" time="0.018" errors="0" timestamp="2024-12-26T03:05:33 IST" skipped="0">
  <testcase classname="day44.PaymentTest" name="payInRupees" time="0.001"/>
  <system-out/>
  <testcase classname="day44.PaymentTest" name="payInDollar" time="0.017"/>
  <system-out/>
</testsuite> <!-- day44.PaymentTest -->
