<?xml version="1.0" encoding="UTF-8"?>
<!-- Generated by org.testng.reporters.JUnitReportReporter -->
<testsuite hostname="vimal" failures="0" tests="3" name="day45.IndicesInDataProvider" time="12.481" errors="0" timestamp="2024-12-30T00:23:54 IST" skipped="0">
  <testcase classname="day45.IndicesInDataProvider" name="loginTest" time="5.969"/>
  <system-out/>
  <testcase classname="day45.IndicesInDataProvider" name="loginTest" time="2.165"/>
  <system-out/>
  <testcase classname="day45.IndicesInDataProvider" name="loginTest" time="4.347"/>
  <system-out/>
</testsuite> <!-- day45.IndicesInDataProvider -->
