<?xml version="1.0" encoding="UTF-8"?>
<!-- Generated by org.testng.reporters.JUnitReportReporter -->
<testsuite hostname="vimal" failures="0" tests="2" name="day43.AnnotationsDemo1" time="0.020" errors="0" timestamp="2024-12-23T17:58:05 IST" skipped="0">
  <testcase classname="day43.AnnotationsDemo1" name="search" time="0.018"/>
  <system-out/>
  <testcase classname="day43.AnnotationsDemo1" name="advanceSearch" time="0.002"/>
  <system-out/>
</testsuite> <!-- day43.AnnotationsDemo1 -->
