<?xml version="1.0" encoding="UTF-8"?>
<!-- Generated by org.testng.reporters.JUnitReportReporter -->
<testsuite hostname="vimal" failures="0" tests="2" name="day43.AllAnnotations" time="0.015" errors="0" timestamp="2024-12-23T19:12:09 IST" skipped="0">
  <testcase classname="day43.AllAnnotations" name="t2" time="0.003"/>
  <system-out/>
  <testcase classname="day43.AllAnnotations" name="t1" time="0.012"/>
  <system-out/>
</testsuite> <!-- day43.AllAnnotations -->
