<?xml version="1.0" encoding="UTF-8"?>
<!-- Generated by org.testng.reporters.JUnitReportReporter -->
<testsuite hostname="vimal" failures="0" tests="4" name="day42.OrangeHrmTest" time="8.332" errors="0" timestamp="2024-12-29T23:06:45 IST" skipped="0">
  <testcase classname="day42.OrangeHrmTest" name="open" time="6.795"/>
  <system-out/>
  <testcase classname="day42.OrangeHrmTest" name="verifyLogo" time="1.170"/>
  <system-out/>
  <testcase classname="day42.OrangeHrmTest" name="login" time="0.214"/>
  <system-out/>
  <testcase classname="day42.OrangeHrmTest" name="quit" time="0.153"/>
  <system-out/>
</testsuite> <!-- day42.OrangeHrmTest -->
