<?xml version="1.0" encoding="UTF-8"?>
<!-- Generated by org.testng.reporters.JUnitReportReporter -->
<testsuite hostname="vimal" failures="0" tests="1" name="day47.LoginTest" time="2.037" errors="0" timestamp="2024-12-24T17:10:56 IST" skipped="0">
  <testcase classname="day47.LoginTest" name="testLogin" time="2.037"/>
  <system-out/>
</testsuite> <!-- day47.LoginTest -->
