<?xml version="1.0" encoding="UTF-8"?>
<!-- Generated by org.testng.reporters.JUnitReportReporter -->
<testsuite hostname="vimal" failures="0" tests="3" name="day44.LoginTest" time="0.018" errors="0" timestamp="2024-12-24T00:01:01 IST" skipped="0">
  <testcase classname="day44.LoginTest" name="loginByFacebook" time="0.001"/>
  <system-out/>
  <testcase classname="day44.LoginTest" name="loginByTwitter" time="0.002"/>
  <system-out/>
  <testcase classname="day44.LoginTest" name="loginByEmail" time="0.015"/>
  <system-out/>
</testsuite> <!-- day44.LoginTest -->
