<?xml version="1.0" encoding="UTF-8"?>
<!-- Generated by org.testng.reporters.JUnitReportReporter -->
<testsuite hostname="vimal" failures="0" tests="3" name="day44.SignUpTest" time="0.021" errors="0" timestamp="2024-12-23T23:59:36 IST" skipped="0">
  <testcase classname="day44.SignUpTest" name="signUpByTwitter" time="0.002"/>
  <system-out/>
  <testcase classname="day44.SignUpTest" name="signUpByEmail" time="0.017"/>
  <system-out/>
  <testcase classname="day44.SignUpTest" name="signUpByFacebook" time="0.002"/>
  <system-out/>
</testsuite> <!-- day44.SignUpTest -->
