<?xml version="1.0" encoding="UTF-8"?>
<!-- Generated by org.testng.reporters.JUnitReportReporter -->
<testsuite hostname="vimal" failures="0" tests="46" name="test.TestingDoubts" time="102.429" errors="0" timestamp="2024-12-24T05:41:10 IST" skipped="0">
  <testcase classname="test.TestingDoubts" name="loginTest" time="2.103"/>
  <system-out/>
  <testcase classname="test.TestingDoubts" name="loginTest" time="2.060"/>
  <system-out/>
  <testcase classname="test.TestingDoubts" name="loginTest" time="2.044"/>
  <system-out/>
  <testcase classname="test.TestingDoubts" name="loginTest" time="1.936"/>
  <system-out/>
  <testcase classname="test.TestingDoubts" name="loginTest" time="1.984"/>
  <system-out/>
  <testcase classname="test.TestingDoubts" name="loginTest" time="2.002"/>
  <system-out/>
  <testcase classname="test.TestingDoubts" name="loginTest" time="2.078"/>
  <system-out/>
  <testcase classname="test.TestingDoubts" name="loginTest" time="2.085"/>
  <system-out/>
  <testcase classname="test.TestingDoubts" name="loginTest" time="1.986"/>
  <system-out/>
  <testcase classname="test.TestingDoubts" name="loginTest" time="5.175"/>
  <system-out/>
  <testcase classname="test.TestingDoubts" name="loginTest" time="2.050"/>
  <system-out/>
  <testcase classname="test.TestingDoubts" name="loginTest" time="2.768"/>
  <system-out/>
  <testcase classname="test.TestingDoubts" name="loginTest" time="2.017"/>
  <system-out/>
  <testcase classname="test.TestingDoubts" name="loginTest" time="2.003"/>
  <system-out/>
  <testcase classname="test.TestingDoubts" name="loginTest" time="2.075"/>
  <system-out/>
  <testcase classname="test.TestingDoubts" name="loginTest" time="2.712"/>
  <system-out/>
  <testcase classname="test.TestingDoubts" name="loginTest" time="2.724"/>
  <system-out/>
  <testcase classname="test.TestingDoubts" name="loginTest" time="2.156"/>
  <system-out/>
  <testcase classname="test.TestingDoubts" name="loginTest" time="1.913"/>
  <system-out/>
  <testcase classname="test.TestingDoubts" name="loginTest" time="2.073"/>
  <system-out/>
  <testcase classname="test.TestingDoubts" name="loginTest" time="4.177"/>
  <system-out/>
  <testcase classname="test.TestingDoubts" name="loginTest" time="2.103"/>
  <system-out/>
  <testcase classname="test.TestingDoubts" name="loginTest" time="2.062"/>
  <system-out/>
  <testcase classname="test.TestingDoubts" name="loginTest" time="1.963"/>
  <system-out/>
  <testcase classname="test.TestingDoubts" name="loginTest" time="2.017"/>
  <system-out/>
  <testcase classname="test.TestingDoubts" name="loginTest" time="1.962"/>
  <system-out/>
  <testcase classname="test.TestingDoubts" name="loginTest" time="1.947"/>
  <system-out/>
  <testcase classname="test.TestingDoubts" name="loginTest" time="1.752"/>
  <system-out/>
  <testcase classname="test.TestingDoubts" name="loginTest" time="2.078"/>
  <system-out/>
  <testcase classname="test.TestingDoubts" name="loginTest" time="1.929"/>
  <system-out/>
  <testcase classname="test.TestingDoubts" name="loginTest" time="2.576"/>
  <system-out/>
  <testcase classname="test.TestingDoubts" name="loginTest" time="1.962"/>
  <system-out/>
  <testcase classname="test.TestingDoubts" name="loginTest" time="1.971"/>
  <system-out/>
  <testcase classname="test.TestingDoubts" name="loginTest" time="2.092"/>
  <system-out/>
  <testcase classname="test.TestingDoubts" name="loginTest" time="4.318"/>
  <system-out/>
  <testcase classname="test.TestingDoubts" name="loginTest" time="1.706"/>
  <system-out/>
  <testcase classname="test.TestingDoubts" name="loginTest" time="2.083"/>
  <system-out/>
  <testcase classname="test.TestingDoubts" name="loginTest" time="2.036"/>
  <system-out/>
  <testcase classname="test.TestingDoubts" name="loginTest" time="1.929"/>
  <system-out/>
  <testcase classname="test.TestingDoubts" name="loginTest" time="1.978"/>
  <system-out/>
  <testcase classname="test.TestingDoubts" name="loginTest" time="2.025"/>
  <system-out/>
  <testcase classname="test.TestingDoubts" name="loginTest" time="1.982"/>
  <system-out/>
  <testcase classname="test.TestingDoubts" name="loginTest" time="1.919"/>
  <system-out/>
  <testcase classname="test.TestingDoubts" name="loginTest" time="1.956"/>
  <system-out/>
  <testcase classname="test.TestingDoubts" name="loginTest" time="2.051"/>
  <system-out/>
  <testcase classname="test.TestingDoubts" name="loginTest" time="1.911"/>
  <system-out/>
</testsuite> <!-- test.TestingDoubts -->
