<?xml version="1.0" encoding="UTF-8"?>
<!-- Generated by org.testng.reporters.JUnitReportReporter -->
<testsuite hostname="vimal" failures="0" tests="2" name="test.TestClass" time="0.017" errors="0" timestamp="2024-12-24T05:32:24 IST" skipped="0">
  <testcase classname="test.TestClass" name="performCalculation" time="0.015"/>
  <system-out/>
  <testcase classname="test.TestClass" name="testMethod" time="0.002"/>
  <system-out/>
</testsuite> <!-- test.TestClass -->
