<?xml version="1.0" encoding="UTF-8"?>
<!-- Generated by org.testng.reporters.JUnitReportReporter -->
<testsuite hostname="vimal" failures="0" tests="2" name="day43.AnnotationsDemo2" time="0.010" errors="0" timestamp="2024-12-23T19:13:19 IST" skipped="0">
  <testcase classname="day43.AnnotationsDemo2" name="search" time="0.009"/>
  <system-out/>
  <testcase classname="day43.AnnotationsDemo2" name="advanceSearch" time="0.001"/>
  <system-out/>
</testsuite> <!-- day43.AnnotationsDemo2 -->
