<?xml version="1.0" encoding="UTF-8"?>
<!-- Generated by org.testng.reporters.JUnitReportReporter -->
<testsuite hostname="vimal" failures="0" tests="4" name="day01.HTTPRequests" time="4.499" errors="0" timestamp="2024-12-28T18:17:57 IST" skipped="0">
  <testcase classname="day01.HTTPRequests" name="getUsers" time="2.415"/>
  <testcase classname="day01.HTTPRequests" name="createUser" time="0.833"/>
  <testcase classname="day01.HTTPRequests" name="updateUser" time="0.611"/>
  <testcase classname="day01.HTTPRequests" name="deleteUser" time="0.640"/>
</testsuite> <!-- day01.HTTPRequests -->
