<?xml version="1.0" encoding="UTF-8"?>
<!-- Generated by org.testng.reporters.JUnitReportReporter -->
<testsuite hostname="vimal" failures="0" tests="9" name="day45.ParamTest" time="4.025" errors="0" timestamp="2024-12-30T00:08:08 IST" skipped="0">
  <testcase classname="day45.ParamTest" name="testLogo" time="1.967"/>
  <testcase classname="day45.ParamTest" name="tsetTitle" time="0.004"/>
  <testcase classname="day45.ParamTest" name="testLogo" time="0.988"/>
  <testcase classname="day45.ParamTest" name="testUrl" time="0.005"/>
  <testcase classname="day45.ParamTest" name="testLogo" time="1.044"/>
  <testcase classname="day45.ParamTest" name="testUrl" time="0.001"/>
  <testcase classname="day45.ParamTest" name="testUrl" time="0.005"/>
  <testcase classname="day45.ParamTest" name="tsetTitle" time="0.004"/>
  <testcase classname="day45.ParamTest" name="tsetTitle" time="0.007"/>
</testsuite> <!-- day45.ParamTest -->
