<?xml version="1.0" encoding="UTF-8"?>
<!-- Generated by org.testng.reporters.JUnitReportReporter -->
<testsuite hostname="vimal" failures="0" tests="3" name="day42.FirstTestCase" time="0.020" errors="0" timestamp="2024-12-29T23:02:42 IST" skipped="0">
  <testcase classname="day42.FirstTestCase" name="openApp" time="0.016"/>
  <testcase classname="day42.FirstTestCase" name="login" time="0.002"/>
  <testcase classname="day42.FirstTestCase" name="logout" time="0.002"/>
</testsuite> <!-- day42.FirstTestCase -->
