<?xml version="1.0" encoding="UTF-8"?>
<!-- Generated by org.testng.reporters.JUnitReportReporter -->
<testsuite hostname="vimal" failures="0" tests="4" name="day42.OrangeHrmTest" time="14.037" errors="0" timestamp="2024-12-29T23:50:12 IST" skipped="0">
  <testcase classname="day42.OrangeHrmTest" name="open" time="12.619"/>
  <testcase classname="day42.OrangeHrmTest" name="verifyLogo" time="1.007"/>
  <testcase classname="day42.OrangeHrmTest" name="login" time="0.063"/>
  <testcase classname="day42.OrangeHrmTest" name="quit" time="0.348"/>
</testsuite> <!-- day42.OrangeHrmTest -->
