<?xml version="1.0" encoding="UTF-8"?>
<!-- Generated by org.testng.reporters.JUnitReportReporter -->
<testsuite hostname="vimal" failures="0" tests="1" name="day47.LoginTest" time="2.124" errors="0" timestamp="2024-12-30T00:39:38 IST" skipped="0">
  <testcase classname="day47.LoginTest" name="testLogin" time="2.124"/>
</testsuite> <!-- day47.LoginTest -->
